00:37:31 **** Incremental Build of configuration Debug for project TP_1 ****
Info: Internal Builder is used for build
gcc -O0 -g3 -Wall -c -fmessage-length=0 -o "src\\TP_1.o" "..\\src\\TP_1.c" 
..\src\TP_1.c: In function 'main':
..\src\TP_1.c:19:8: warning: unused variable 'precioLatam' [-Wunused-variable]
  float precioLatam;
        ^~~~~~~~~~~
..\src\TP_1.c:18:8: warning: unused variable 'precioAerolineas' [-Wunused-variable]
  float precioAerolineas;
        ^~~~~~~~~~~~~~~~
..\src\TP_1.c:17:8: warning: unused variable 'kilometros' [-Wunused-variable]
  float kilometros;
        ^~~~~~~~~~
gcc -o TP_1.exe "src\\TP_1.o" 
00:37:41 **** Incremental Build of configuration Debug for project TP_1 ****
Info: Internal Builder is used for build
gcc -O0 -g3 -Wall -c -fmessage-length=0 -o "src\\TP_1.o" "..\\src\\TP_1.c" 
gcc -o TP_1.exe "src\\TP_1.o" 
Info: Nothing to build for TP_1
00:38:04 **** Incremental Build of configuration Debug for project TP_1 ****
Info: Internal Builder is used for build
gcc -O0 -g3 -Wall -c -fmessage-length=0 -o "src\\TP_1.o" "..\\src\\TP_1.c" 
gcc -o TP_1.exe "src\\TP_1.o" 
c:/mingw/bin/../lib/gcc/mingw32/6.3.0/../../../../mingw32/bin/ld.exe: cannot open output file TP_1.exe: Permission denied
collect2.exe: error: ld returned 1 exit status
00:38:20 **** Incremental Build of configuration Debug for project TP_1 ****
Info: Internal Builder is used for build
gcc -o TP_1.exe "src\\TP_1.o" 
c:/mingw/bin/../lib/gcc/mingw32/6.3.0/../../../../mingw32/bin/ld.exe: cannot open output file TP_1.exe: Permission denied
collect2.exe: error: ld returned 1 exit status
